app/build/intermediates/manifest_merge_blame_file/debug/manifest-merger-blame-debug-report.txt
1<?xml version="1.0" encoding="utf-8"?>
2<manifest xmlns:android="http://schemas.android.com/apk/res/android"
3    package="com.example.ads.helper.demo"
4    android:versionCode="1"
5    android:versionName="1.0" >
6
7    <uses-sdk
8        android:minSdkVersion="16"
8-->src/main/AndroidManifest.xml
9        android:targetSdkVersion="30" />
9-->src/main/AndroidManifest.xml
10
11    <uses-permission android:name="android.permission.INTERNET" />
11-->src/main/AndroidManifest.xml:6:5-67
11-->src/main/AndroidManifest.xml:6:22-64
12    <uses-permission android:name="android.permission.CAMERA" />
12-->src/main/AndroidManifest.xml:7:5-65
12-->src/main/AndroidManifest.xml:7:22-62
13    <uses-permission android:name="android.permission.RECORD_AUDIO" />
13-->src/main/AndroidManifest.xml:8:5-71
13-->src/main/AndroidManifest.xml:8:22-68
14    <uses-permission android:name="android.permission.WRITE_EXTERNAL_STORAGE" />
14-->src/main/AndroidManifest.xml:9:5-11:40
14-->src/main/AndroidManifest.xml:10:9-65
15    <uses-permission android:name="android.permission.READ_EXTERNAL_STORAGE" />
15-->src/main/AndroidManifest.xml:12:5-80
15-->src/main/AndroidManifest.xml:12:22-77
16    <uses-permission android:name="android.permission.ACCESS_NETWORK_STATE" />
16-->[:adshelper] AndroidManifest.xml:10:5-79
16-->[:adshelper] AndroidManifest.xml:10:22-76
17    <uses-permission android:name="com.google.android.gms.permission.AD_ID" /> <!-- Android package visibility setting -->
17-->[com.google.android.gms:play-services-ads-lite:20.4.0] AndroidManifest.xml:25:5-79
17-->[com.google.android.gms:play-services-ads-lite:20.4.0] AndroidManifest.xml:25:22-76
18    <queries>
18-->[com.google.android.gms:play-services-ads-lite:20.4.0] AndroidManifest.xml:28:5-44:15
19
20        <!-- For browser content -->
21        <intent>
21-->[com.google.android.gms:play-services-ads-lite:20.4.0] AndroidManifest.xml:31:9-37:18
22            <action android:name="android.intent.action.VIEW" />
22-->[com.google.android.gms:play-services-ads-lite:20.4.0] AndroidManifest.xml:32:13-65
22-->[com.google.android.gms:play-services-ads-lite:20.4.0] AndroidManifest.xml:32:21-62
23
24            <category android:name="android.intent.category.BROWSABLE" />
24-->[com.google.android.gms:play-services-ads-lite:20.4.0] AndroidManifest.xml:34:13-74
24-->[com.google.android.gms:play-services-ads-lite:20.4.0] AndroidManifest.xml:34:23-71
25
26            <data android:scheme="https" />
26-->[com.google.android.gms:play-services-ads-lite:20.4.0] AndroidManifest.xml:36:13-44
26-->[com.google.android.gms:play-services-ads-lite:20.4.0] AndroidManifest.xml:36:19-41
27        </intent>
28        <!-- End of browser content -->
29        <!-- For CustomTabsService -->
30        <intent>
30-->[com.google.android.gms:play-services-ads-lite:20.4.0] AndroidManifest.xml:40:9-42:18
31            <action android:name="android.support.customtabs.action.CustomTabsService" />
31-->[com.google.android.gms:play-services-ads-lite:20.4.0] AndroidManifest.xml:41:13-90
31-->[com.google.android.gms:play-services-ads-lite:20.4.0] AndroidManifest.xml:41:21-87
32        </intent>
33        <!-- End of CustomTabsService -->
34    </queries>
35
36    <uses-permission android:name="android.permission.WAKE_LOCK" />
36-->[com.google.android.gms:play-services-measurement-sdk-api:18.0.3] AndroidManifest.xml:25:5-68
36-->[com.google.android.gms:play-services-measurement-sdk-api:18.0.3] AndroidManifest.xml:25:22-65
37    <uses-permission android:name="android.permission.RECEIVE_BOOT_COMPLETED" />
37-->[androidx.work:work-runtime:2.1.0] AndroidManifest.xml:27:5-81
37-->[androidx.work:work-runtime:2.1.0] AndroidManifest.xml:27:22-78
38
39    <application
39-->src/main/AndroidManifest.xml:14:5-55:19
40        android:name="com.example.ads.helper.demo.AppApplication"
40-->src/main/AndroidManifest.xml:15:9-39
41        android:allowBackup="false"
41-->src/main/AndroidManifest.xml:16:9-36
42        android:appComponentFactory="androidx.core.app.CoreComponentFactory"
42-->[androidx.core:core:1.6.0] AndroidManifest.xml:24:18-86
43        android:debuggable="true"
44        android:icon="@mipmap/ic_launcher"
44-->src/main/AndroidManifest.xml:17:9-43
45        android:label="@string/app_name"
45-->src/main/AndroidManifest.xml:18:9-41
46        android:largeHeap="true"
46-->src/main/AndroidManifest.xml:19:9-33
47        android:requestLegacyExternalStorage="true"
47-->src/main/AndroidManifest.xml:20:9-52
48        android:roundIcon="@mipmap/ic_launcher_round"
48-->src/main/AndroidManifest.xml:21:9-54
49        android:supportsRtl="true"
49-->src/main/AndroidManifest.xml:22:9-35
50        android:theme="@style/Theme.AdsHelper" >
50-->src/main/AndroidManifest.xml:23:9-47
51        <activity
51-->src/main/AndroidManifest.xml:25:9-27:40
52            android:name="com.example.ads.helper.demo.CustomNativeAdsActivity"
52-->src/main/AndroidManifest.xml:26:13-52
53            android:exported="false" />
53-->src/main/AndroidManifest.xml:27:13-37
54        <activity
54-->src/main/AndroidManifest.xml:28:9-30:40
55            android:name="com.example.ads.helper.demo.NativeAdsActivity"
55-->src/main/AndroidManifest.xml:29:13-46
56            android:exported="false" />
56-->src/main/AndroidManifest.xml:30:13-37
57        <activity
57-->src/main/AndroidManifest.xml:31:9-34:52
58            android:name="com.example.ads.helper.demo.SecondActivity"
58-->src/main/AndroidManifest.xml:32:13-43
59            android:exported="false"
59-->src/main/AndroidManifest.xml:33:13-37
60            android:screenOrientation="portrait" />
60-->src/main/AndroidManifest.xml:34:13-49
61        <activity
61-->src/main/AndroidManifest.xml:35:9-38:52
62            android:name="com.example.ads.helper.demo.MainActivity"
62-->src/main/AndroidManifest.xml:36:13-41
63            android:exported="false"
63-->src/main/AndroidManifest.xml:37:13-37
64            android:screenOrientation="portrait" />
64-->src/main/AndroidManifest.xml:38:13-49
65        <activity
65-->src/main/AndroidManifest.xml:39:9-50:20
66            android:name="com.example.ads.helper.demo.SplashActivity"
66-->src/main/AndroidManifest.xml:40:13-43
67            android:exported="true"
67-->src/main/AndroidManifest.xml:41:13-36
68            android:screenOrientation="portrait"
68-->src/main/AndroidManifest.xml:42:13-49
69            android:theme="@style/AppTranslucent"
69-->src/main/AndroidManifest.xml:43:13-50
70            android:windowSoftInputMode="adjustNothing" >
70-->src/main/AndroidManifest.xml:44:13-56
71            <intent-filter>
71-->src/main/AndroidManifest.xml:45:13-49:29
72                <action android:name="android.intent.action.MAIN" />
72-->src/main/AndroidManifest.xml:46:17-69
72-->src/main/AndroidManifest.xml:46:25-66
73
74                <category android:name="android.intent.category.LAUNCHER" />
74-->src/main/AndroidManifest.xml:48:17-77
74-->src/main/AndroidManifest.xml:48:27-74
75            </intent-filter>
76        </activity>
77
78        <meta-data
78-->src/main/AndroidManifest.xml:52:9-54:52
79            android:name="com.google.android.gms.ads.APPLICATION_ID"
79-->src/main/AndroidManifest.xml:53:13-69
80            android:value="@string/admob_app_id" />
80-->src/main/AndroidManifest.xml:54:13-49
81
82        <activity
82-->[com.github.AkshayHarsoda:AksPermission-Android:v1.1.0] AndroidManifest.xml:12:9-14:66
83            android:name="com.akshay.harsoda.permission.helper.activity.PermissionActivity"
83-->[com.github.AkshayHarsoda:AksPermission-Android:v1.1.0] AndroidManifest.xml:13:13-92
84            android:theme="@style/PermissionTheme.Transparent" /> <!-- Include the AdActivity and InAppPurchaseActivity configChanges and themes. -->
84-->[com.github.AkshayHarsoda:AksPermission-Android:v1.1.0] AndroidManifest.xml:14:13-63
85        <activity
85-->[com.google.android.gms:play-services-ads-lite:20.4.0] AndroidManifest.xml:49:9-53:64
86            android:name="com.google.android.gms.ads.AdActivity"
86-->[com.google.android.gms:play-services-ads-lite:20.4.0] AndroidManifest.xml:50:13-65
87            android:configChanges="keyboard|keyboardHidden|orientation|screenLayout|uiMode|screenSize|smallestScreenSize"
87-->[com.google.android.gms:play-services-ads-lite:20.4.0] AndroidManifest.xml:51:13-122
88            android:exported="false"
88-->[com.google.android.gms:play-services-ads-lite:20.4.0] AndroidManifest.xml:52:13-37
89            android:theme="@android:style/Theme.Translucent" />
89-->[com.google.android.gms:play-services-ads-lite:20.4.0] AndroidManifest.xml:53:13-61
90
91        <provider
91-->[com.google.android.gms:play-services-ads-lite:20.4.0] AndroidManifest.xml:55:9-59:39
92            android:name="com.google.android.gms.ads.MobileAdsInitProvider"
92-->[com.google.android.gms:play-services-ads-lite:20.4.0] AndroidManifest.xml:56:13-76
93            android:authorities="com.example.ads.helper.demo.mobileadsinitprovider"
93-->[com.google.android.gms:play-services-ads-lite:20.4.0] AndroidManifest.xml:57:13-73
94            android:exported="false"
94-->[com.google.android.gms:play-services-ads-lite:20.4.0] AndroidManifest.xml:58:13-37
95            android:initOrder="100" />
95-->[com.google.android.gms:play-services-ads-lite:20.4.0] AndroidManifest.xml:59:13-36
96
97        <service
97-->[com.google.android.gms:play-services-ads-lite:20.4.0] AndroidManifest.xml:61:9-64:40
98            android:name="com.google.android.gms.ads.AdService"
98-->[com.google.android.gms:play-services-ads-lite:20.4.0] AndroidManifest.xml:62:13-64
99            android:enabled="true"
99-->[com.google.android.gms:play-services-ads-lite:20.4.0] AndroidManifest.xml:63:13-35
100            android:exported="false" />
100-->[com.google.android.gms:play-services-ads-lite:20.4.0] AndroidManifest.xml:64:13-37
101
102        <meta-data
102-->[com.google.android.gms:play-services-basement:17.6.0] AndroidManifest.xml:23:9-25:69
103            android:name="com.google.android.gms.version"
103-->[com.google.android.gms:play-services-basement:17.6.0] AndroidManifest.xml:24:13-58
104            android:value="@integer/google_play_services_version" />
104-->[com.google.android.gms:play-services-basement:17.6.0] AndroidManifest.xml:25:13-66
105
106        <provider
106-->[androidx.work:work-runtime:2.1.0] AndroidManifest.xml:30:9-36:35
107            android:name="androidx.work.impl.WorkManagerInitializer"
107-->[androidx.work:work-runtime:2.1.0] AndroidManifest.xml:31:13-69
108            android:authorities="com.example.ads.helper.demo.workmanager-init"
108-->[androidx.work:work-runtime:2.1.0] AndroidManifest.xml:32:13-68
109            android:directBootAware="false"
109-->[androidx.work:work-runtime:2.1.0] AndroidManifest.xml:33:13-44
110            android:exported="false"
110-->[androidx.work:work-runtime:2.1.0] AndroidManifest.xml:34:13-37
111            android:multiprocess="true" />
111-->[androidx.work:work-runtime:2.1.0] AndroidManifest.xml:35:13-40
112
113        <service
113-->[androidx.work:work-runtime:2.1.0] AndroidManifest.xml:38:9-43:35
114            android:name="androidx.work.impl.background.systemalarm.SystemAlarmService"
114-->[androidx.work:work-runtime:2.1.0] AndroidManifest.xml:39:13-88
115            android:directBootAware="false"
115-->[androidx.work:work-runtime:2.1.0] AndroidManifest.xml:40:13-44
116            android:enabled="@bool/enable_system_alarm_service_default"
116-->[androidx.work:work-runtime:2.1.0] AndroidManifest.xml:41:13-72
117            android:exported="false" />
117-->[androidx.work:work-runtime:2.1.0] AndroidManifest.xml:42:13-37
118        <service
118-->[androidx.work:work-runtime:2.1.0] AndroidManifest.xml:44:9-50:35
119            android:name="androidx.work.impl.background.systemjob.SystemJobService"
119-->[androidx.work:work-runtime:2.1.0] AndroidManifest.xml:45:13-84
120            android:directBootAware="false"
120-->[androidx.work:work-runtime:2.1.0] AndroidManifest.xml:46:13-44
121            android:enabled="@bool/enable_system_job_service_default"
121-->[androidx.work:work-runtime:2.1.0] AndroidManifest.xml:47:13-70
122            android:exported="true"
122-->[androidx.work:work-runtime:2.1.0] AndroidManifest.xml:48:13-36
123            android:permission="android.permission.BIND_JOB_SERVICE" />
123-->[androidx.work:work-runtime:2.1.0] AndroidManifest.xml:49:13-69
124
125        <receiver
125-->[androidx.work:work-runtime:2.1.0] AndroidManifest.xml:52:9-57:35
126            android:name="androidx.work.impl.utils.ForceStopRunnable$BroadcastReceiver"
126-->[androidx.work:work-runtime:2.1.0] AndroidManifest.xml:53:13-88
127            android:directBootAware="false"
127-->[androidx.work:work-runtime:2.1.0] AndroidManifest.xml:54:13-44
128            android:enabled="true"
128-->[androidx.work:work-runtime:2.1.0] AndroidManifest.xml:55:13-35
129            android:exported="false" />
129-->[androidx.work:work-runtime:2.1.0] AndroidManifest.xml:56:13-37
130        <receiver
130-->[androidx.work:work-runtime:2.1.0] AndroidManifest.xml:58:9-68:20
131            android:name="androidx.work.impl.background.systemalarm.ConstraintProxy$BatteryChargingProxy"
131-->[androidx.work:work-runtime:2.1.0] AndroidManifest.xml:59:13-106
132            android:directBootAware="false"
132-->[androidx.work:work-runtime:2.1.0] AndroidManifest.xml:60:13-44
133            android:enabled="false"
133-->[androidx.work:work-runtime:2.1.0] AndroidManifest.xml:61:13-36
134            android:exported="false" >
134-->[androidx.work:work-runtime:2.1.0] AndroidManifest.xml:62:13-37
135            <intent-filter>
135-->[androidx.work:work-runtime:2.1.0] AndroidManifest.xml:64:13-67:29
136                <action android:name="android.intent.action.ACTION_POWER_CONNECTED" />
136-->[androidx.work:work-runtime:2.1.0] AndroidManifest.xml:65:17-87
136-->[androidx.work:work-runtime:2.1.0] AndroidManifest.xml:65:25-84
137                <action android:name="android.intent.action.ACTION_POWER_DISCONNECTED" />
137-->[androidx.work:work-runtime:2.1.0] AndroidManifest.xml:66:17-90
137-->[androidx.work:work-runtime:2.1.0] AndroidManifest.xml:66:25-87
138            </intent-filter>
139        </receiver>
140        <receiver
140-->[androidx.work:work-runtime:2.1.0] AndroidManifest.xml:69:9-79:20
141            android:name="androidx.work.impl.background.systemalarm.ConstraintProxy$BatteryNotLowProxy"
141-->[androidx.work:work-runtime:2.1.0] AndroidManifest.xml:70:13-104
142            android:directBootAware="false"
142-->[androidx.work:work-runtime:2.1.0] AndroidManifest.xml:71:13-44
143            android:enabled="false"
143-->[androidx.work:work-runtime:2.1.0] AndroidManifest.xml:72:13-36
144            android:exported="false" >
144-->[androidx.work:work-runtime:2.1.0] AndroidManifest.xml:73:13-37
145            <intent-filter>
145-->[androidx.work:work-runtime:2.1.0] AndroidManifest.xml:75:13-78:29
146                <action android:name="android.intent.action.BATTERY_OKAY" />
146-->[androidx.work:work-runtime:2.1.0] AndroidManifest.xml:76:17-77
146-->[androidx.work:work-runtime:2.1.0] AndroidManifest.xml:76:25-74
147                <action android:name="android.intent.action.BATTERY_LOW" />
147-->[androidx.work:work-runtime:2.1.0] AndroidManifest.xml:77:17-76
147-->[androidx.work:work-runtime:2.1.0] AndroidManifest.xml:77:25-73
148            </intent-filter>
149        </receiver>
150        <receiver
150-->[androidx.work:work-runtime:2.1.0] AndroidManifest.xml:80:9-90:20
151            android:name="androidx.work.impl.background.systemalarm.ConstraintProxy$StorageNotLowProxy"
151-->[androidx.work:work-runtime:2.1.0] AndroidManifest.xml:81:13-104
152            android:directBootAware="false"
152-->[androidx.work:work-runtime:2.1.0] AndroidManifest.xml:82:13-44
153            android:enabled="false"
153-->[androidx.work:work-runtime:2.1.0] AndroidManifest.xml:83:13-36
154            android:exported="false" >
154-->[androidx.work:work-runtime:2.1.0] AndroidManifest.xml:84:13-37
155            <intent-filter>
155-->[androidx.work:work-runtime:2.1.0] AndroidManifest.xml:86:13-89:29
156                <action android:name="android.intent.action.DEVICE_STORAGE_LOW" />
156-->[androidx.work:work-runtime:2.1.0] AndroidManifest.xml:87:17-83
156-->[androidx.work:work-runtime:2.1.0] AndroidManifest.xml:87:25-80
157                <action android:name="android.intent.action.DEVICE_STORAGE_OK" />
157-->[androidx.work:work-runtime:2.1.0] AndroidManifest.xml:88:17-82
157-->[androidx.work:work-runtime:2.1.0] AndroidManifest.xml:88:25-79
158            </intent-filter>
159        </receiver>
160        <receiver
160-->[androidx.work:work-runtime:2.1.0] AndroidManifest.xml:91:9-100:20
161            android:name="androidx.work.impl.background.systemalarm.ConstraintProxy$NetworkStateProxy"
161-->[androidx.work:work-runtime:2.1.0] AndroidManifest.xml:92:13-103
162            android:directBootAware="false"
162-->[androidx.work:work-runtime:2.1.0] AndroidManifest.xml:93:13-44
163            android:enabled="false"
163-->[androidx.work:work-runtime:2.1.0] AndroidManifest.xml:94:13-36
164            android:exported="false" >
164-->[androidx.work:work-runtime:2.1.0] AndroidManifest.xml:95:13-37
165            <intent-filter>
165-->[androidx.work:work-runtime:2.1.0] AndroidManifest.xml:97:13-99:29
166                <action android:name="android.net.conn.CONNECTIVITY_CHANGE" />
166-->[androidx.work:work-runtime:2.1.0] AndroidManifest.xml:98:17-79
166-->[androidx.work:work-runtime:2.1.0] AndroidManifest.xml:98:25-76
167            </intent-filter>
168        </receiver>
169        <receiver
169-->[androidx.work:work-runtime:2.1.0] AndroidManifest.xml:101:9-112:20
170            android:name="androidx.work.impl.background.systemalarm.RescheduleReceiver"
170-->[androidx.work:work-runtime:2.1.0] AndroidManifest.xml:102:13-88
171            android:directBootAware="false"
171-->[androidx.work:work-runtime:2.1.0] AndroidManifest.xml:103:13-44
172            android:enabled="false"
172-->[androidx.work:work-runtime:2.1.0] AndroidManifest.xml:104:13-36
173            android:exported="false" >
173-->[androidx.work:work-runtime:2.1.0] AndroidManifest.xml:105:13-37
174            <intent-filter>
174-->[androidx.work:work-runtime:2.1.0] AndroidManifest.xml:107:13-111:29
175                <action android:name="android.intent.action.BOOT_COMPLETED" />
175-->[androidx.work:work-runtime:2.1.0] AndroidManifest.xml:108:17-79
175-->[androidx.work:work-runtime:2.1.0] AndroidManifest.xml:108:25-76
176                <action android:name="android.intent.action.TIME_SET" />
176-->[androidx.work:work-runtime:2.1.0] AndroidManifest.xml:109:17-73
176-->[androidx.work:work-runtime:2.1.0] AndroidManifest.xml:109:25-70
177                <action android:name="android.intent.action.TIMEZONE_CHANGED" />
177-->[androidx.work:work-runtime:2.1.0] AndroidManifest.xml:110:17-81
177-->[androidx.work:work-runtime:2.1.0] AndroidManifest.xml:110:25-78
178            </intent-filter>
179        </receiver>
180        <receiver
180-->[androidx.work:work-runtime:2.1.0] AndroidManifest.xml:113:9-122:20
181            android:name="androidx.work.impl.background.systemalarm.ConstraintProxyUpdateReceiver"
181-->[androidx.work:work-runtime:2.1.0] AndroidManifest.xml:114:13-99
182            android:directBootAware="false"
182-->[androidx.work:work-runtime:2.1.0] AndroidManifest.xml:115:13-44
183            android:enabled="@bool/enable_system_alarm_service_default"
183-->[androidx.work:work-runtime:2.1.0] AndroidManifest.xml:116:13-72
184            android:exported="false" >
184-->[androidx.work:work-runtime:2.1.0] AndroidManifest.xml:117:13-37
185            <intent-filter>
185-->[androidx.work:work-runtime:2.1.0] AndroidManifest.xml:119:13-121:29
186                <action android:name="androidx.work.impl.background.systemalarm.UpdateProxies" />
186-->[androidx.work:work-runtime:2.1.0] AndroidManifest.xml:120:17-98
186-->[androidx.work:work-runtime:2.1.0] AndroidManifest.xml:120:25-95
187            </intent-filter>
188        </receiver>
189
190        <service
190-->[androidx.room:room-runtime:2.1.0] AndroidManifest.xml:25:9-27:40
191            android:name="androidx.room.MultiInstanceInvalidationService"
191-->[androidx.room:room-runtime:2.1.0] AndroidManifest.xml:26:13-74
192            android:exported="false" />
192-->[androidx.room:room-runtime:2.1.0] AndroidManifest.xml:27:13-37
193
194        <provider
194-->[androidx.lifecycle:lifecycle-process:2.2.0] AndroidManifest.xml:25:9-29:43
195            android:name="androidx.lifecycle.ProcessLifecycleOwnerInitializer"
195-->[androidx.lifecycle:lifecycle-process:2.2.0] AndroidManifest.xml:26:13-79
196            android:authorities="com.example.ads.helper.demo.lifecycle-process"
196-->[androidx.lifecycle:lifecycle-process:2.2.0] AndroidManifest.xml:27:13-69
197            android:exported="false"
197-->[androidx.lifecycle:lifecycle-process:2.2.0] AndroidManifest.xml:28:13-37
198            android:multiprocess="true" />
198-->[androidx.lifecycle:lifecycle-process:2.2.0] AndroidManifest.xml:29:13-40
199    </application>
200
201</manifest>